{"C:\\Users\\Dell\\Desktop\\Unicode Backend Node Task 0\\index.js": {"path":"C:\\Users\\Dell\\Desktop\\Unicode Backend Node Task 0\\index.js","statementMap":{"0":{"start":{"line":13,"column":0},"end":{"line":13,"column":15}},"1":{"start":{"line":25,"column":0},"end":{"line":25,"column":12}},"2":{"start":{"line":28,"column":12},"end":{"line":28,"column":21}},"3":{"start":{"line":31,"column":0},"end":{"line":31,"column":48}},"4":{"start":{"line":32,"column":0},"end":{"line":32,"column":26}},"5":{"start":{"line":34,"column":0},"end":{"line":34,"column":53}},"6":{"start":{"line":35,"column":0},"end":{"line":35,"column":56}},"7":{"start":{"line":35,"column":24},"end":{"line":35,"column":55}},"8":{"start":{"line":37,"column":13},"end":{"line":37,"column":44}},"9":{"start":{"line":38,"column":13},"end":{"line":38,"column":37}},"10":{"start":{"line":61,"column":15},"end":{"line":68,"column":55}},"11":{"start":{"line":71,"column":20},"end":{"line":74,"column":1}},"12":{"start":{"line":75,"column":0},"end":{"line":75,"column":26}},"13":{"start":{"line":77,"column":0},"end":{"line":81,"column":1}},"14":{"start":{"line":78,"column":4},"end":{"line":80,"column":7}},"15":{"start":{"line":79,"column":6},"end":{"line":79,"column":66}},"16":{"start":{"line":83,"column":0},"end":{"line":83,"column":26}},"17":{"start":{"line":84,"column":0},"end":{"line":84,"column":32}},"18":{"start":{"line":85,"column":0},"end":{"line":85,"column":36}},"19":{"start":{"line":86,"column":0},"end":{"line":86,"column":24}},"20":{"start":{"line":87,"column":0},"end":{"line":87,"column":40}},"21":{"start":{"line":88,"column":0},"end":{"line":88,"column":35}},"22":{"start":{"line":89,"column":0},"end":{"line":89,"column":26}}},"fnMap":{"0":{"name":"(anonymous_0)","decl":{"start":{"line":35,"column":12},"end":{"line":35,"column":13}},"loc":{"start":{"line":35,"column":24},"end":{"line":35,"column":55}},"line":35},"1":{"name":"(anonymous_1)","decl":{"start":{"line":78,"column":21},"end":{"line":78,"column":22}},"loc":{"start":{"line":78,"column":27},"end":{"line":80,"column":5}},"line":78}},"branchMap":{"0":{"loc":{"start":{"line":37,"column":13},"end":{"line":37,"column":44}},"type":"binary-expr","locations":[{"start":{"line":37,"column":13},"end":{"line":37,"column":29}},{"start":{"line":37,"column":33},"end":{"line":37,"column":44}}],"line":37},"1":{"loc":{"start":{"line":38,"column":13},"end":{"line":38,"column":37}},"type":"binary-expr","locations":[{"start":{"line":38,"column":13},"end":{"line":38,"column":29}},{"start":{"line":38,"column":33},"end":{"line":38,"column":37}}],"line":38},"2":{"loc":{"start":{"line":77,"column":0},"end":{"line":81,"column":1}},"type":"if","locations":[{"start":{"line":77,"column":0},"end":{"line":81,"column":1}},{"start":{},"end":{}}],"line":77}},"s":{"0":1,"1":1,"2":1,"3":1,"4":1,"5":1,"6":1,"7":0,"8":1,"9":1,"10":1,"11":1,"12":1,"13":1,"14":0,"15":0,"16":1,"17":1,"18":1,"19":1,"20":1,"21":1,"22":1},"f":{"0":0,"1":0},"b":{"0":[1,1],"1":[1,1],"2":[0,1]},"_coverageSchema":"1a1c01bbd47fc00a2c39e90264f33305004495a9","hash":"f710797bfbe352c46593bf0d03ef04f3519595ee"}
,"C:\\Users\\Dell\\Desktop\\Unicode Backend Node Task 0\\controllers\\application-controller.js": {"path":"C:\\Users\\Dell\\Desktop\\Unicode Backend Node Task 0\\controllers\\application-controller.js","statementMap":{"0":{"start":{"line":4,"column":20},"end":{"line":25,"column":1}},"1":{"start":{"line":5,"column":4},"end":{"line":24,"column":5}},"2":{"start":{"line":6,"column":23},"end":{"line":6,"column":38}},"3":{"start":{"line":7,"column":20},"end":{"line":7,"column":46}},"4":{"start":{"line":8,"column":8},"end":{"line":10,"column":9}},"5":{"start":{"line":9,"column":12},"end":{"line":9,"column":67}},"6":{"start":{"line":12,"column":31},"end":{"line":17,"column":10}},"7":{"start":{"line":19,"column":8},"end":{"line":19,"column":35}},"8":{"start":{"line":21,"column":8},"end":{"line":21,"column":91}},"9":{"start":{"line":23,"column":8},"end":{"line":23,"column":79}}},"fnMap":{"0":{"name":"(anonymous_0)","decl":{"start":{"line":4,"column":20},"end":{"line":4,"column":21}},"loc":{"start":{"line":4,"column":39},"end":{"line":25,"column":1}},"line":4}},"branchMap":{"0":{"loc":{"start":{"line":8,"column":8},"end":{"line":10,"column":9}},"type":"if","locations":[{"start":{"line":8,"column":8},"end":{"line":10,"column":9}},{"start":{},"end":{}}],"line":8}},"s":{"0":1,"1":0,"2":0,"3":0,"4":0,"5":0,"6":0,"7":0,"8":0,"9":0},"f":{"0":0},"b":{"0":[0,0]},"_coverageSchema":"1a1c01bbd47fc00a2c39e90264f33305004495a9","hash":"a77fdf2e514952ebffe9ec5d0d74d3cac2a99d71"}
,"C:\\Users\\Dell\\Desktop\\Unicode Backend Node Task 0\\controllers\\blog-controller.js": {"path":"C:\\Users\\Dell\\Desktop\\Unicode Backend Node Task 0\\controllers\\blog-controller.js","statementMap":{"0":{"start":{"line":3,"column":19},"end":{"line":22,"column":1}},"1":{"start":{"line":4,"column":4},"end":{"line":21,"column":5}},"2":{"start":{"line":5,"column":63},"end":{"line":5,"column":71}},"3":{"start":{"line":7,"column":8},"end":{"line":9,"column":9}},"4":{"start":{"line":8,"column":12},"end":{"line":8,"column":73}},"5":{"start":{"line":11,"column":25},"end":{"line":13,"column":10}},"6":{"start":{"line":15,"column":8},"end":{"line":15,"column":28}},"7":{"start":{"line":17,"column":8},"end":{"line":17,"column":82}},"8":{"start":{"line":20,"column":8},"end":{"line":20,"column":85}},"9":{"start":{"line":24,"column":20},"end":{"line":35,"column":1}},"10":{"start":{"line":25,"column":4},"end":{"line":34,"column":5}},"11":{"start":{"line":26,"column":28},"end":{"line":26,"column":38}},"12":{"start":{"line":28,"column":22},"end":{"line":28,"column":94}},"13":{"start":{"line":30,"column":8},"end":{"line":30,"column":70}},"14":{"start":{"line":33,"column":8},"end":{"line":33,"column":79}},"15":{"start":{"line":37,"column":19},"end":{"line":53,"column":1}},"16":{"start":{"line":38,"column":4},"end":{"line":52,"column":5}},"17":{"start":{"line":39,"column":26},"end":{"line":39,"column":36}},"18":{"start":{"line":40,"column":28},"end":{"line":40,"column":36}},"19":{"start":{"line":42,"column":28},"end":{"line":42,"column":91}},"20":{"start":{"line":44,"column":8},"end":{"line":46,"column":9}},"21":{"start":{"line":45,"column":12},"end":{"line":45,"column":71}},"22":{"start":{"line":48,"column":8},"end":{"line":48,"column":84}},"23":{"start":{"line":51,"column":8},"end":{"line":51,"column":78}},"24":{"start":{"line":55,"column":19},"end":{"line":70,"column":1}},"25":{"start":{"line":56,"column":4},"end":{"line":69,"column":5}},"26":{"start":{"line":57,"column":26},"end":{"line":57,"column":36}},"27":{"start":{"line":59,"column":28},"end":{"line":59,"column":67}},"28":{"start":{"line":61,"column":8},"end":{"line":63,"column":9}},"29":{"start":{"line":62,"column":12},"end":{"line":62,"column":68}},"30":{"start":{"line":65,"column":8},"end":{"line":65,"column":80}},"31":{"start":{"line":68,"column":8},"end":{"line":68,"column":76}},"32":{"start":{"line":72,"column":20},"end":{"line":87,"column":1}},"33":{"start":{"line":73,"column":4},"end":{"line":86,"column":5}},"34":{"start":{"line":74,"column":26},"end":{"line":74,"column":36}},"35":{"start":{"line":76,"column":28},"end":{"line":76,"column":56}},"36":{"start":{"line":78,"column":8},"end":{"line":80,"column":9}},"37":{"start":{"line":79,"column":12},"end":{"line":79,"column":71}},"38":{"start":{"line":82,"column":8},"end":{"line":82,"column":58}},"39":{"start":{"line":85,"column":8},"end":{"line":85,"column":77}},"40":{"start":{"line":89,"column":28},"end":{"line":101,"column":1}},"41":{"start":{"line":90,"column":4},"end":{"line":100,"column":5}},"42":{"start":{"line":91,"column":22},"end":{"line":91,"column":32}},"43":{"start":{"line":92,"column":8},"end":{"line":92,"column":31}},"44":{"start":{"line":94,"column":22},"end":{"line":94,"column":66}},"45":{"start":{"line":96,"column":8},"end":{"line":96,"column":56}},"46":{"start":{"line":99,"column":8},"end":{"line":99,"column":78}},"47":{"start":{"line":103,"column":30},"end":{"line":119,"column":1}},"48":{"start":{"line":104,"column":4},"end":{"line":118,"column":5}},"49":{"start":{"line":105,"column":23},"end":{"line":105,"column":33}},"50":{"start":{"line":106,"column":27},"end":{"line":106,"column":41}},"51":{"start":{"line":107,"column":8},"end":{"line":107,"column":36}},"52":{"start":{"line":109,"column":24},"end":{"line":109,"column":44}},"53":{"start":{"line":110,"column":8},"end":{"line":110,"column":50}},"54":{"start":{"line":112,"column":22},"end":{"line":112,"column":85}},"55":{"start":{"line":114,"column":8},"end":{"line":114,"column":37}},"56":{"start":{"line":117,"column":8},"end":{"line":117,"column":78}},"57":{"start":{"line":121,"column":23},"end":{"line":132,"column":1}},"58":{"start":{"line":122,"column":4},"end":{"line":131,"column":5}},"59":{"start":{"line":123,"column":23},"end":{"line":123,"column":31}},"60":{"start":{"line":125,"column":22},"end":{"line":125,"column":58}},"61":{"start":{"line":127,"column":8},"end":{"line":127,"column":37}},"62":{"start":{"line":130,"column":8},"end":{"line":130,"column":77}}},"fnMap":{"0":{"name":"(anonymous_0)","decl":{"start":{"line":3,"column":19},"end":{"line":3,"column":20}},"loc":{"start":{"line":3,"column":37},"end":{"line":22,"column":1}},"line":3},"1":{"name":"(anonymous_1)","decl":{"start":{"line":24,"column":20},"end":{"line":24,"column":21}},"loc":{"start":{"line":24,"column":38},"end":{"line":35,"column":1}},"line":24},"2":{"name":"(anonymous_2)","decl":{"start":{"line":37,"column":19},"end":{"line":37,"column":20}},"loc":{"start":{"line":37,"column":37},"end":{"line":53,"column":1}},"line":37},"3":{"name":"(anonymous_3)","decl":{"start":{"line":55,"column":19},"end":{"line":55,"column":20}},"loc":{"start":{"line":55,"column":37},"end":{"line":70,"column":1}},"line":55},"4":{"name":"(anonymous_4)","decl":{"start":{"line":72,"column":20},"end":{"line":72,"column":21}},"loc":{"start":{"line":72,"column":38},"end":{"line":87,"column":1}},"line":72},"5":{"name":"(anonymous_5)","decl":{"start":{"line":89,"column":28},"end":{"line":89,"column":29}},"loc":{"start":{"line":89,"column":46},"end":{"line":101,"column":1}},"line":89},"6":{"name":"(anonymous_6)","decl":{"start":{"line":103,"column":30},"end":{"line":103,"column":31}},"loc":{"start":{"line":103,"column":48},"end":{"line":119,"column":1}},"line":103},"7":{"name":"(anonymous_7)","decl":{"start":{"line":121,"column":23},"end":{"line":121,"column":24}},"loc":{"start":{"line":121,"column":41},"end":{"line":132,"column":1}},"line":121}},"branchMap":{"0":{"loc":{"start":{"line":7,"column":8},"end":{"line":9,"column":9}},"type":"if","locations":[{"start":{"line":7,"column":8},"end":{"line":9,"column":9}},{"start":{},"end":{}}],"line":7},"1":{"loc":{"start":{"line":7,"column":11},"end":{"line":7,"column":66}},"type":"binary-expr","locations":[{"start":{"line":7,"column":12},"end":{"line":7,"column":34}},{"start":{"line":7,"column":40},"end":{"line":7,"column":65}}],"line":7},"2":{"loc":{"start":{"line":44,"column":8},"end":{"line":46,"column":9}},"type":"if","locations":[{"start":{"line":44,"column":8},"end":{"line":46,"column":9}},{"start":{},"end":{}}],"line":44},"3":{"loc":{"start":{"line":61,"column":8},"end":{"line":63,"column":9}},"type":"if","locations":[{"start":{"line":61,"column":8},"end":{"line":63,"column":9}},{"start":{},"end":{}}],"line":61},"4":{"loc":{"start":{"line":78,"column":8},"end":{"line":80,"column":9}},"type":"if","locations":[{"start":{"line":78,"column":8},"end":{"line":80,"column":9}},{"start":{},"end":{}}],"line":78}},"s":{"0":1,"1":0,"2":0,"3":0,"4":0,"5":0,"6":0,"7":0,"8":0,"9":1,"10":0,"11":0,"12":0,"13":0,"14":0,"15":1,"16":0,"17":0,"18":0,"19":0,"20":0,"21":0,"22":0,"23":0,"24":1,"25":0,"26":0,"27":0,"28":0,"29":0,"30":0,"31":0,"32":1,"33":0,"34":0,"35":0,"36":0,"37":0,"38":0,"39":0,"40":1,"41":0,"42":0,"43":0,"44":0,"45":0,"46":0,"47":1,"48":0,"49":0,"50":0,"51":0,"52":0,"53":0,"54":0,"55":0,"56":0,"57":1,"58":0,"59":0,"60":0,"61":0,"62":0},"f":{"0":0,"1":0,"2":0,"3":0,"4":0,"5":0,"6":0,"7":0},"b":{"0":[0,0],"1":[0,0],"2":[0,0],"3":[0,0],"4":[0,0]},"_coverageSchema":"1a1c01bbd47fc00a2c39e90264f33305004495a9","hash":"5eb51fdd3c325daafaa71ff492a88186b393f26b"}
,"C:\\Users\\Dell\\Desktop\\Unicode Backend Node Task 0\\controllers\\company-controller.js": {"path":"C:\\Users\\Dell\\Desktop\\Unicode Backend Node Task 0\\controllers\\company-controller.js","statementMap":{"0":{"start":{"line":7,"column":17},"end":{"line":47,"column":1}},"1":{"start":{"line":8,"column":4},"end":{"line":46,"column":5}},"2":{"start":{"line":10,"column":81},"end":{"line":10,"column":89}},"3":{"start":{"line":11,"column":26},"end":{"line":11,"column":54}},"4":{"start":{"line":12,"column":8},"end":{"line":14,"column":9}},"5":{"start":{"line":13,"column":12},"end":{"line":13,"column":69}},"6":{"start":{"line":16,"column":8},"end":{"line":42,"column":10}},"7":{"start":{"line":17,"column":12},"end":{"line":21,"column":13}},"8":{"start":{"line":18,"column":16},"end":{"line":20,"column":18}},"9":{"start":{"line":23,"column":26},"end":{"line":29,"column":14}},"10":{"start":{"line":31,"column":12},"end":{"line":41,"column":14}},"11":{"start":{"line":33,"column":16},"end":{"line":35,"column":18}},"12":{"start":{"line":38,"column":16},"end":{"line":40,"column":18}},"13":{"start":{"line":44,"column":8},"end":{"line":44,"column":44}},"14":{"start":{"line":45,"column":8},"end":{"line":45,"column":43}},"15":{"start":{"line":49,"column":14},"end":{"line":93,"column":1}},"16":{"start":{"line":50,"column":4},"end":{"line":92,"column":5}},"17":{"start":{"line":51,"column":36},"end":{"line":51,"column":44}},"18":{"start":{"line":53,"column":24},"end":{"line":53,"column":56}},"19":{"start":{"line":54,"column":8},"end":{"line":56,"column":9}},"20":{"start":{"line":55,"column":12},"end":{"line":55,"column":79}},"21":{"start":{"line":58,"column":24},"end":{"line":58,"column":72}},"22":{"start":{"line":59,"column":8},"end":{"line":61,"column":9}},"23":{"start":{"line":60,"column":12},"end":{"line":60,"column":67}},"24":{"start":{"line":63,"column":22},"end":{"line":63,"column":113}},"25":{"start":{"line":64,"column":8},"end":{"line":64,"column":54}},"26":{"start":{"line":66,"column":32},"end":{"line":72,"column":10}},"27":{"start":{"line":74,"column":24},"end":{"line":79,"column":9}},"28":{"start":{"line":81,"column":8},"end":{"line":87,"column":11}},"29":{"start":{"line":82,"column":12},"end":{"line":86,"column":13}},"30":{"start":{"line":83,"column":16},"end":{"line":83,"column":59}},"31":{"start":{"line":85,"column":16},"end":{"line":85,"column":53}},"32":{"start":{"line":90,"column":8},"end":{"line":90,"column":50}},"33":{"start":{"line":91,"column":8},"end":{"line":91,"column":62}}},"fnMap":{"0":{"name":"(anonymous_0)","decl":{"start":{"line":7,"column":17},"end":{"line":7,"column":18}},"loc":{"start":{"line":7,"column":38},"end":{"line":47,"column":1}},"line":7},"1":{"name":"(anonymous_1)","decl":{"start":{"line":16,"column":43},"end":{"line":16,"column":44}},"loc":{"start":{"line":16,"column":68},"end":{"line":42,"column":9}},"line":16},"2":{"name":"(anonymous_2)","decl":{"start":{"line":32,"column":18},"end":{"line":32,"column":19}},"loc":{"start":{"line":32,"column":28},"end":{"line":36,"column":13}},"line":32},"3":{"name":"(anonymous_3)","decl":{"start":{"line":37,"column":19},"end":{"line":37,"column":20}},"loc":{"start":{"line":37,"column":26},"end":{"line":41,"column":13}},"line":37},"4":{"name":"(anonymous_4)","decl":{"start":{"line":49,"column":14},"end":{"line":49,"column":15}},"loc":{"start":{"line":49,"column":40},"end":{"line":93,"column":1}},"line":49},"5":{"name":"(anonymous_5)","decl":{"start":{"line":81,"column":42},"end":{"line":81,"column":43}},"loc":{"start":{"line":81,"column":51},"end":{"line":87,"column":9}},"line":81}},"branchMap":{"0":{"loc":{"start":{"line":12,"column":8},"end":{"line":14,"column":9}},"type":"if","locations":[{"start":{"line":12,"column":8},"end":{"line":14,"column":9}},{"start":{},"end":{}}],"line":12},"1":{"loc":{"start":{"line":17,"column":12},"end":{"line":21,"column":13}},"type":"if","locations":[{"start":{"line":17,"column":12},"end":{"line":21,"column":13}},{"start":{},"end":{}}],"line":17},"2":{"loc":{"start":{"line":54,"column":8},"end":{"line":56,"column":9}},"type":"if","locations":[{"start":{"line":54,"column":8},"end":{"line":56,"column":9}},{"start":{},"end":{}}],"line":54},"3":{"loc":{"start":{"line":59,"column":8},"end":{"line":61,"column":9}},"type":"if","locations":[{"start":{"line":59,"column":8},"end":{"line":61,"column":9}},{"start":{},"end":{}}],"line":59},"4":{"loc":{"start":{"line":82,"column":12},"end":{"line":86,"column":13}},"type":"if","locations":[{"start":{"line":82,"column":12},"end":{"line":86,"column":13}},{"start":{"line":84,"column":19},"end":{"line":86,"column":13}}],"line":82}},"s":{"0":1,"1":0,"2":0,"3":0,"4":0,"5":0,"6":0,"7":0,"8":0,"9":0,"10":0,"11":0,"12":0,"13":0,"14":0,"15":1,"16":0,"17":0,"18":0,"19":0,"20":0,"21":0,"22":0,"23":0,"24":0,"25":0,"26":0,"27":0,"28":0,"29":0,"30":0,"31":0,"32":0,"33":0},"f":{"0":0,"1":0,"2":0,"3":0,"4":0,"5":0},"b":{"0":[0,0],"1":[0,0],"2":[0,0],"3":[0,0],"4":[0,0]},"_coverageSchema":"1a1c01bbd47fc00a2c39e90264f33305004495a9","hash":"c25315fab03aa080c34a3626084d8c51e90d5da8"}
,"C:\\Users\\Dell\\Desktop\\Unicode Backend Node Task 0\\controllers\\follow-controller.js": {"path":"C:\\Users\\Dell\\Desktop\\Unicode Backend Node Task 0\\controllers\\follow-controller.js","statementMap":{"0":{"start":{"line":4,"column":15},"end":{"line":44,"column":1}},"1":{"start":{"line":5,"column":4},"end":{"line":43,"column":5}},"2":{"start":{"line":6,"column":35},"end":{"line":6,"column":47}},"3":{"start":{"line":7,"column":60},"end":{"line":7,"column":68}},"4":{"start":{"line":9,"column":8},"end":{"line":9,"column":61}},"5":{"start":{"line":10,"column":8},"end":{"line":10,"column":54}},"6":{"start":{"line":11,"column":8},"end":{"line":11,"column":77}},"7":{"start":{"line":12,"column":8},"end":{"line":12,"column":63}},"8":{"start":{"line":14,"column":8},"end":{"line":16,"column":9}},"9":{"start":{"line":15,"column":12},"end":{"line":15,"column":85}},"10":{"start":{"line":18,"column":32},"end":{"line":18,"column":81}},"11":{"start":{"line":20,"column":8},"end":{"line":22,"column":9}},"12":{"start":{"line":21,"column":12},"end":{"line":21,"column":71}},"13":{"start":{"line":24,"column":8},"end":{"line":34,"column":9}},"14":{"start":{"line":25,"column":12},"end":{"line":25,"column":81}},"15":{"start":{"line":26,"column":12},"end":{"line":26,"column":81}},"16":{"start":{"line":28,"column":13},"end":{"line":34,"column":9}},"17":{"start":{"line":29,"column":12},"end":{"line":29,"column":78}},"18":{"start":{"line":30,"column":12},"end":{"line":30,"column":81}},"19":{"start":{"line":33,"column":12},"end":{"line":33,"column":86}},"20":{"start":{"line":36,"column":26},"end":{"line":36,"column":81}},"21":{"start":{"line":37,"column":8},"end":{"line":37,"column":30}},"22":{"start":{"line":39,"column":8},"end":{"line":39,"column":64}},"23":{"start":{"line":42,"column":8},"end":{"line":42,"column":71}},"24":{"start":{"line":46,"column":21},"end":{"line":57,"column":1}},"25":{"start":{"line":47,"column":4},"end":{"line":56,"column":5}},"26":{"start":{"line":48,"column":26},"end":{"line":48,"column":36}},"27":{"start":{"line":49,"column":33},"end":{"line":49,"column":42}},"28":{"start":{"line":51,"column":26},"end":{"line":51,"column":108}},"29":{"start":{"line":52,"column":8},"end":{"line":52,"column":41}},"30":{"start":{"line":55,"column":8},"end":{"line":55,"column":80}},"31":{"start":{"line":59,"column":17},"end":{"line":88,"column":1}},"32":{"start":{"line":60,"column":4},"end":{"line":87,"column":5}},"33":{"start":{"line":61,"column":60},"end":{"line":61,"column":68}},"34":{"start":{"line":63,"column":33},"end":{"line":63,"column":92}},"35":{"start":{"line":65,"column":8},"end":{"line":67,"column":9}},"36":{"start":{"line":66,"column":12},"end":{"line":66,"column":83}},"37":{"start":{"line":69,"column":8},"end":{"line":69,"column":75}},"38":{"start":{"line":71,"column":8},"end":{"line":81,"column":9}},"39":{"start":{"line":72,"column":12},"end":{"line":72,"column":84}},"40":{"start":{"line":73,"column":12},"end":{"line":73,"column":84}},"41":{"start":{"line":75,"column":13},"end":{"line":81,"column":9}},"42":{"start":{"line":76,"column":12},"end":{"line":76,"column":87}},"43":{"start":{"line":77,"column":12},"end":{"line":77,"column":87}},"44":{"start":{"line":80,"column":12},"end":{"line":80,"column":76}},"45":{"start":{"line":83,"column":8},"end":{"line":83,"column":66}},"46":{"start":{"line":86,"column":8},"end":{"line":86,"column":73}}},"fnMap":{"0":{"name":"(anonymous_0)","decl":{"start":{"line":4,"column":15},"end":{"line":4,"column":16}},"loc":{"start":{"line":4,"column":33},"end":{"line":44,"column":1}},"line":4},"1":{"name":"(anonymous_1)","decl":{"start":{"line":46,"column":21},"end":{"line":46,"column":22}},"loc":{"start":{"line":46,"column":39},"end":{"line":57,"column":1}},"line":46},"2":{"name":"(anonymous_2)","decl":{"start":{"line":59,"column":17},"end":{"line":59,"column":18}},"loc":{"start":{"line":59,"column":35},"end":{"line":88,"column":1}},"line":59}},"branchMap":{"0":{"loc":{"start":{"line":14,"column":8},"end":{"line":16,"column":9}},"type":"if","locations":[{"start":{"line":14,"column":8},"end":{"line":16,"column":9}},{"start":{},"end":{}}],"line":14},"1":{"loc":{"start":{"line":20,"column":8},"end":{"line":22,"column":9}},"type":"if","locations":[{"start":{"line":20,"column":8},"end":{"line":22,"column":9}},{"start":{},"end":{}}],"line":20},"2":{"loc":{"start":{"line":24,"column":8},"end":{"line":34,"column":9}},"type":"if","locations":[{"start":{"line":24,"column":8},"end":{"line":34,"column":9}},{"start":{"line":28,"column":13},"end":{"line":34,"column":9}}],"line":24},"3":{"loc":{"start":{"line":28,"column":13},"end":{"line":34,"column":9}},"type":"if","locations":[{"start":{"line":28,"column":13},"end":{"line":34,"column":9}},{"start":{"line":32,"column":12},"end":{"line":34,"column":9}}],"line":28},"4":{"loc":{"start":{"line":65,"column":8},"end":{"line":67,"column":9}},"type":"if","locations":[{"start":{"line":65,"column":8},"end":{"line":67,"column":9}},{"start":{},"end":{}}],"line":65},"5":{"loc":{"start":{"line":71,"column":8},"end":{"line":81,"column":9}},"type":"if","locations":[{"start":{"line":71,"column":8},"end":{"line":81,"column":9}},{"start":{"line":75,"column":13},"end":{"line":81,"column":9}}],"line":71},"6":{"loc":{"start":{"line":75,"column":13},"end":{"line":81,"column":9}},"type":"if","locations":[{"start":{"line":75,"column":13},"end":{"line":81,"column":9}},{"start":{"line":79,"column":12},"end":{"line":81,"column":9}}],"line":75}},"s":{"0":1,"1":0,"2":0,"3":0,"4":0,"5":0,"6":0,"7":0,"8":0,"9":0,"10":0,"11":0,"12":0,"13":0,"14":0,"15":0,"16":0,"17":0,"18":0,"19":0,"20":0,"21":0,"22":0,"23":0,"24":1,"25":0,"26":0,"27":0,"28":0,"29":0,"30":0,"31":1,"32":0,"33":0,"34":0,"35":0,"36":0,"37":0,"38":0,"39":0,"40":0,"41":0,"42":0,"43":0,"44":0,"45":0,"46":0},"f":{"0":0,"1":0,"2":0},"b":{"0":[0,0],"1":[0,0],"2":[0,0],"3":[0,0],"4":[0,0],"5":[0,0],"6":[0,0]},"_coverageSchema":"1a1c01bbd47fc00a2c39e90264f33305004495a9","hash":"39a6b9f4096bd0f6dc87ed7644611ed8ee49d28a"}
,"C:\\Users\\Dell\\Desktop\\Unicode Backend Node Task 0\\controllers\\job-controller.js": {"path":"C:\\Users\\Dell\\Desktop\\Unicode Backend Node Task 0\\controllers\\job-controller.js","statementMap":{"0":{"start":{"line":4,"column":18},"end":{"line":29,"column":1}},"1":{"start":{"line":5,"column":4},"end":{"line":28,"column":5}},"2":{"start":{"line":6,"column":24},"end":{"line":6,"column":72}},"3":{"start":{"line":8,"column":8},"end":{"line":10,"column":9}},"4":{"start":{"line":9,"column":12},"end":{"line":9,"column":91}},"5":{"start":{"line":12,"column":23},"end":{"line":21,"column":10}},"6":{"start":{"line":23,"column":8},"end":{"line":23,"column":27}},"7":{"start":{"line":24,"column":8},"end":{"line":24,"column":83}},"8":{"start":{"line":27,"column":8},"end":{"line":27,"column":75}}},"fnMap":{"0":{"name":"(anonymous_0)","decl":{"start":{"line":4,"column":18},"end":{"line":4,"column":19}},"loc":{"start":{"line":4,"column":37},"end":{"line":29,"column":1}},"line":4}},"branchMap":{"0":{"loc":{"start":{"line":8,"column":8},"end":{"line":10,"column":9}},"type":"if","locations":[{"start":{"line":8,"column":8},"end":{"line":10,"column":9}},{"start":{},"end":{}}],"line":8}},"s":{"0":1,"1":0,"2":0,"3":0,"4":0,"5":0,"6":0,"7":0,"8":0},"f":{"0":0},"b":{"0":[0,0]},"_coverageSchema":"1a1c01bbd47fc00a2c39e90264f33305004495a9","hash":"b89fafa51dfef470a004abd188181c0e3c4ff25a"}
,"C:\\Users\\Dell\\Desktop\\Unicode Backend Node Task 0\\controllers\\recruiter-controller.js": {"path":"C:\\Users\\Dell\\Desktop\\Unicode Backend Node Task 0\\controllers\\recruiter-controller.js","statementMap":{"0":{"start":{"line":11,"column":25},"end":{"line":38,"column":1}},"1":{"start":{"line":12,"column":4},"end":{"line":37,"column":5}},"2":{"start":{"line":13,"column":40},"end":{"line":13,"column":57}},"3":{"start":{"line":14,"column":18},"end":{"line":14,"column":52}},"4":{"start":{"line":15,"column":31},"end":{"line":15,"column":41}},"5":{"start":{"line":16,"column":8},"end":{"line":16,"column":51}},"6":{"start":{"line":17,"column":8},"end":{"line":17,"column":45}},"7":{"start":{"line":18,"column":8},"end":{"line":20,"column":9}},"8":{"start":{"line":19,"column":12},"end":{"line":19,"column":85}},"9":{"start":{"line":22,"column":8},"end":{"line":22,"column":76}},"10":{"start":{"line":24,"column":26},"end":{"line":24,"column":113}},"11":{"start":{"line":25,"column":28},"end":{"line":25,"column":57}},"12":{"start":{"line":25,"column":49},"end":{"line":25,"column":56}},"13":{"start":{"line":27,"column":8},"end":{"line":27,"column":62}},"14":{"start":{"line":29,"column":34},"end":{"line":31,"column":47}},"15":{"start":{"line":33,"column":8},"end":{"line":33,"column":79}},"16":{"start":{"line":36,"column":8},"end":{"line":36,"column":83}},"17":{"start":{"line":40,"column":17},"end":{"line":89,"column":1}},"18":{"start":{"line":41,"column":4},"end":{"line":88,"column":5}},"19":{"start":{"line":43,"column":117},"end":{"line":43,"column":125}},"20":{"start":{"line":44,"column":24},"end":{"line":44,"column":58}},"21":{"start":{"line":45,"column":8},"end":{"line":47,"column":9}},"22":{"start":{"line":46,"column":12},"end":{"line":46,"column":71}},"23":{"start":{"line":49,"column":8},"end":{"line":84,"column":10}},"24":{"start":{"line":50,"column":12},"end":{"line":54,"column":13}},"25":{"start":{"line":51,"column":16},"end":{"line":53,"column":18}},"26":{"start":{"line":56,"column":28},"end":{"line":67,"column":14}},"27":{"start":{"line":69,"column":12},"end":{"line":69,"column":50}},"28":{"start":{"line":70,"column":12},"end":{"line":70,"column":28}},"29":{"start":{"line":71,"column":12},"end":{"line":83,"column":14}},"30":{"start":{"line":73,"column":16},"end":{"line":76,"column":18}},"31":{"start":{"line":79,"column":16},"end":{"line":82,"column":18}},"32":{"start":{"line":86,"column":8},"end":{"line":86,"column":44}},"33":{"start":{"line":87,"column":8},"end":{"line":87,"column":43}},"34":{"start":{"line":91,"column":14},"end":{"line":135,"column":1}},"35":{"start":{"line":92,"column":4},"end":{"line":134,"column":5}},"36":{"start":{"line":93,"column":36},"end":{"line":93,"column":44}},"37":{"start":{"line":95,"column":26},"end":{"line":95,"column":60}},"38":{"start":{"line":96,"column":8},"end":{"line":98,"column":9}},"39":{"start":{"line":97,"column":12},"end":{"line":97,"column":81}},"40":{"start":{"line":100,"column":24},"end":{"line":100,"column":68}},"41":{"start":{"line":101,"column":8},"end":{"line":103,"column":9}},"42":{"start":{"line":102,"column":12},"end":{"line":102,"column":67}},"43":{"start":{"line":105,"column":22},"end":{"line":105,"column":133}},"44":{"start":{"line":106,"column":8},"end":{"line":106,"column":64}},"45":{"start":{"line":108,"column":32},"end":{"line":114,"column":10}},"46":{"start":{"line":116,"column":24},"end":{"line":121,"column":9}},"47":{"start":{"line":123,"column":8},"end":{"line":129,"column":11}},"48":{"start":{"line":124,"column":12},"end":{"line":128,"column":13}},"49":{"start":{"line":125,"column":16},"end":{"line":125,"column":59}},"50":{"start":{"line":127,"column":16},"end":{"line":127,"column":55}},"51":{"start":{"line":132,"column":8},"end":{"line":132,"column":50}},"52":{"start":{"line":133,"column":8},"end":{"line":133,"column":62}}},"fnMap":{"0":{"name":"(anonymous_0)","decl":{"start":{"line":11,"column":25},"end":{"line":11,"column":26}},"loc":{"start":{"line":11,"column":44},"end":{"line":38,"column":1}},"line":11},"1":{"name":"(anonymous_1)","decl":{"start":{"line":25,"column":42},"end":{"line":25,"column":43}},"loc":{"start":{"line":25,"column":49},"end":{"line":25,"column":56}},"line":25},"2":{"name":"(anonymous_2)","decl":{"start":{"line":40,"column":17},"end":{"line":40,"column":18}},"loc":{"start":{"line":40,"column":38},"end":{"line":89,"column":1}},"line":40},"3":{"name":"(anonymous_3)","decl":{"start":{"line":49,"column":34},"end":{"line":49,"column":35}},"loc":{"start":{"line":49,"column":59},"end":{"line":84,"column":9}},"line":49},"4":{"name":"(anonymous_4)","decl":{"start":{"line":72,"column":18},"end":{"line":72,"column":19}},"loc":{"start":{"line":72,"column":28},"end":{"line":77,"column":13}},"line":72},"5":{"name":"(anonymous_5)","decl":{"start":{"line":78,"column":19},"end":{"line":78,"column":20}},"loc":{"start":{"line":78,"column":28},"end":{"line":83,"column":13}},"line":78},"6":{"name":"(anonymous_6)","decl":{"start":{"line":91,"column":14},"end":{"line":91,"column":15}},"loc":{"start":{"line":91,"column":40},"end":{"line":135,"column":1}},"line":91},"7":{"name":"(anonymous_7)","decl":{"start":{"line":123,"column":42},"end":{"line":123,"column":43}},"loc":{"start":{"line":123,"column":51},"end":{"line":129,"column":9}},"line":123}},"branchMap":{"0":{"loc":{"start":{"line":18,"column":8},"end":{"line":20,"column":9}},"type":"if","locations":[{"start":{"line":18,"column":8},"end":{"line":20,"column":9}},{"start":{},"end":{}}],"line":18},"1":{"loc":{"start":{"line":45,"column":8},"end":{"line":47,"column":9}},"type":"if","locations":[{"start":{"line":45,"column":8},"end":{"line":47,"column":9}},{"start":{},"end":{}}],"line":45},"2":{"loc":{"start":{"line":50,"column":12},"end":{"line":54,"column":13}},"type":"if","locations":[{"start":{"line":50,"column":12},"end":{"line":54,"column":13}},{"start":{},"end":{}}],"line":50},"3":{"loc":{"start":{"line":96,"column":8},"end":{"line":98,"column":9}},"type":"if","locations":[{"start":{"line":96,"column":8},"end":{"line":98,"column":9}},{"start":{},"end":{}}],"line":96},"4":{"loc":{"start":{"line":101,"column":8},"end":{"line":103,"column":9}},"type":"if","locations":[{"start":{"line":101,"column":8},"end":{"line":103,"column":9}},{"start":{},"end":{}}],"line":101},"5":{"loc":{"start":{"line":124,"column":12},"end":{"line":128,"column":13}},"type":"if","locations":[{"start":{"line":124,"column":12},"end":{"line":128,"column":13}},{"start":{"line":126,"column":19},"end":{"line":128,"column":13}}],"line":124}},"s":{"0":1,"1":0,"2":0,"3":0,"4":0,"5":0,"6":0,"7":0,"8":0,"9":0,"10":0,"11":0,"12":0,"13":0,"14":0,"15":0,"16":0,"17":1,"18":0,"19":0,"20":0,"21":0,"22":0,"23":0,"24":0,"25":0,"26":0,"27":0,"28":0,"29":0,"30":0,"31":0,"32":0,"33":0,"34":1,"35":0,"36":0,"37":0,"38":0,"39":0,"40":0,"41":0,"42":0,"43":0,"44":0,"45":0,"46":0,"47":0,"48":0,"49":0,"50":0,"51":0,"52":0},"f":{"0":0,"1":0,"2":0,"3":0,"4":0,"5":0,"6":0,"7":0},"b":{"0":[0,0],"1":[0,0],"2":[0,0],"3":[0,0],"4":[0,0],"5":[0,0]},"_coverageSchema":"1a1c01bbd47fc00a2c39e90264f33305004495a9","hash":"43aa076dedb2ab196e7cd9b26f988e9eb4442ba9"}
,"C:\\Users\\Dell\\Desktop\\Unicode Backend Node Task 0\\controllers\\user-controller.js": {"path":"C:\\Users\\Dell\\Desktop\\Unicode Backend Node Task 0\\controllers\\user-controller.js","statementMap":{"0":{"start":{"line":7,"column":20},"end":{"line":25,"column":1}},"1":{"start":{"line":8,"column":4},"end":{"line":24,"column":5}},"2":{"start":{"line":9,"column":30},"end":{"line":9,"column":43}},"3":{"start":{"line":11,"column":25},"end":{"line":11,"column":58}},"4":{"start":{"line":13,"column":8},"end":{"line":13,"column":74}},"5":{"start":{"line":15,"column":8},"end":{"line":17,"column":10}},"6":{"start":{"line":19,"column":8},"end":{"line":19,"column":49}},"7":{"start":{"line":20,"column":8},"end":{"line":23,"column":10}},"8":{"start":{"line":27,"column":17},"end":{"line":78,"column":1}},"9":{"start":{"line":28,"column":4},"end":{"line":77,"column":5}},"10":{"start":{"line":29,"column":31},"end":{"line":29,"column":45}},"11":{"start":{"line":30,"column":27},"end":{"line":30,"column":70}},"12":{"start":{"line":32,"column":8},"end":{"line":34,"column":9}},"13":{"start":{"line":33,"column":12},"end":{"line":33,"column":103}},"14":{"start":{"line":36,"column":27},"end":{"line":36,"column":67}},"15":{"start":{"line":38,"column":19},"end":{"line":47,"column":10}},"16":{"start":{"line":49,"column":8},"end":{"line":63,"column":9}},"17":{"start":{"line":50,"column":12},"end":{"line":55,"column":13}},"18":{"start":{"line":51,"column":39},"end":{"line":51,"column":66}},"19":{"start":{"line":52,"column":39},"end":{"line":52,"column":79}},"20":{"start":{"line":53,"column":16},"end":{"line":53,"column":56}},"21":{"start":{"line":54,"column":16},"end":{"line":54,"column":62}},"22":{"start":{"line":57,"column":12},"end":{"line":62,"column":13}},"23":{"start":{"line":58,"column":39},"end":{"line":58,"column":70}},"24":{"start":{"line":59,"column":39},"end":{"line":59,"column":79}},"25":{"start":{"line":60,"column":16},"end":{"line":60,"column":60}},"26":{"start":{"line":61,"column":16},"end":{"line":61,"column":66}},"27":{"start":{"line":65,"column":26},"end":{"line":65,"column":43}},"28":{"start":{"line":67,"column":8},"end":{"line":70,"column":11}},"29":{"start":{"line":72,"column":8},"end":{"line":72,"column":57}},"30":{"start":{"line":73,"column":8},"end":{"line":76,"column":11}},"31":{"start":{"line":80,"column":14},"end":{"line":131,"column":1}},"32":{"start":{"line":81,"column":18},"end":{"line":81,"column":32}},"33":{"start":{"line":82,"column":21},"end":{"line":82,"column":38}},"34":{"start":{"line":84,"column":4},"end":{"line":130,"column":5}},"35":{"start":{"line":85,"column":21},"end":{"line":85,"column":86}},"36":{"start":{"line":86,"column":8},"end":{"line":88,"column":9}},"37":{"start":{"line":87,"column":12},"end":{"line":87,"column":70}},"38":{"start":{"line":90,"column":24},"end":{"line":90,"column":63}},"39":{"start":{"line":91,"column":8},"end":{"line":93,"column":9}},"40":{"start":{"line":92,"column":12},"end":{"line":92,"column":79}},"41":{"start":{"line":95,"column":22},"end":{"line":95,"column":130}},"42":{"start":{"line":96,"column":8},"end":{"line":99,"column":11}},"43":{"start":{"line":102,"column":30},"end":{"line":108,"column":10}},"44":{"start":{"line":111,"column":22},"end":{"line":116,"column":9}},"45":{"start":{"line":119,"column":8},"end":{"line":125,"column":11}},"46":{"start":{"line":120,"column":12},"end":{"line":124,"column":13}},"47":{"start":{"line":121,"column":16},"end":{"line":121,"column":55}},"48":{"start":{"line":123,"column":16},"end":{"line":123,"column":52}},"49":{"start":{"line":128,"column":8},"end":{"line":128,"column":50}},"50":{"start":{"line":129,"column":8},"end":{"line":129,"column":82}},"51":{"start":{"line":134,"column":14},"end":{"line":147,"column":1}},"52":{"start":{"line":135,"column":4},"end":{"line":146,"column":5}},"53":{"start":{"line":136,"column":23},"end":{"line":136,"column":40}},"54":{"start":{"line":137,"column":8},"end":{"line":139,"column":11}},"55":{"start":{"line":142,"column":8},"end":{"line":145,"column":11}},"56":{"start":{"line":150,"column":13},"end":{"line":159,"column":1}},"57":{"start":{"line":151,"column":17},"end":{"line":151,"column":32}},"58":{"start":{"line":152,"column":4},"end":{"line":158,"column":5}},"59":{"start":{"line":153,"column":23},"end":{"line":153,"column":50}},"60":{"start":{"line":154,"column":8},"end":{"line":154,"column":39}},"61":{"start":{"line":157,"column":8},"end":{"line":157,"column":26}},"62":{"start":{"line":162,"column":14},"end":{"line":184,"column":1}},"63":{"start":{"line":163,"column":15},"end":{"line":170,"column":6}},"64":{"start":{"line":172,"column":4},"end":{"line":183,"column":5}},"65":{"start":{"line":173,"column":23},"end":{"line":173,"column":40}},"66":{"start":{"line":174,"column":8},"end":{"line":177,"column":11}},"67":{"start":{"line":180,"column":8},"end":{"line":182,"column":11}},"68":{"start":{"line":187,"column":15},"end":{"line":211,"column":1}},"69":{"start":{"line":188,"column":17},"end":{"line":188,"column":32}},"70":{"start":{"line":191,"column":24},"end":{"line":198,"column":5}},"71":{"start":{"line":200,"column":4},"end":{"line":210,"column":5}},"72":{"start":{"line":201,"column":8},"end":{"line":201,"column":68}},"73":{"start":{"line":202,"column":8},"end":{"line":204,"column":11}},"74":{"start":{"line":207,"column":8},"end":{"line":209,"column":11}},"75":{"start":{"line":214,"column":16},"end":{"line":228,"column":1}},"76":{"start":{"line":215,"column":17},"end":{"line":215,"column":32}},"77":{"start":{"line":217,"column":4},"end":{"line":227,"column":5}},"78":{"start":{"line":218,"column":8},"end":{"line":218,"column":45}},"79":{"start":{"line":219,"column":8},"end":{"line":221,"column":11}},"80":{"start":{"line":224,"column":8},"end":{"line":226,"column":11}}},"fnMap":{"0":{"name":"(anonymous_0)","decl":{"start":{"line":7,"column":20},"end":{"line":7,"column":21}},"loc":{"start":{"line":7,"column":38},"end":{"line":25,"column":1}},"line":7},"1":{"name":"(anonymous_1)","decl":{"start":{"line":27,"column":17},"end":{"line":27,"column":18}},"loc":{"start":{"line":27,"column":43},"end":{"line":78,"column":1}},"line":27},"2":{"name":"(anonymous_2)","decl":{"start":{"line":80,"column":14},"end":{"line":80,"column":15}},"loc":{"start":{"line":80,"column":40},"end":{"line":131,"column":1}},"line":80},"3":{"name":"(anonymous_3)","decl":{"start":{"line":119,"column":42},"end":{"line":119,"column":43}},"loc":{"start":{"line":119,"column":51},"end":{"line":125,"column":9}},"line":119},"4":{"name":"(anonymous_4)","decl":{"start":{"line":134,"column":14},"end":{"line":134,"column":15}},"loc":{"start":{"line":134,"column":37},"end":{"line":147,"column":1}},"line":134},"5":{"name":"(anonymous_5)","decl":{"start":{"line":150,"column":13},"end":{"line":150,"column":14}},"loc":{"start":{"line":150,"column":36},"end":{"line":159,"column":1}},"line":150},"6":{"name":"(anonymous_6)","decl":{"start":{"line":162,"column":14},"end":{"line":162,"column":15}},"loc":{"start":{"line":162,"column":37},"end":{"line":184,"column":1}},"line":162},"7":{"name":"(anonymous_7)","decl":{"start":{"line":187,"column":15},"end":{"line":187,"column":16}},"loc":{"start":{"line":187,"column":38},"end":{"line":211,"column":1}},"line":187},"8":{"name":"(anonymous_8)","decl":{"start":{"line":214,"column":16},"end":{"line":214,"column":17}},"loc":{"start":{"line":214,"column":39},"end":{"line":228,"column":1}},"line":214}},"branchMap":{"0":{"loc":{"start":{"line":32,"column":8},"end":{"line":34,"column":9}},"type":"if","locations":[{"start":{"line":32,"column":8},"end":{"line":34,"column":9}},{"start":{},"end":{}}],"line":32},"1":{"loc":{"start":{"line":49,"column":8},"end":{"line":63,"column":9}},"type":"if","locations":[{"start":{"line":49,"column":8},"end":{"line":63,"column":9}},{"start":{},"end":{}}],"line":49},"2":{"loc":{"start":{"line":50,"column":12},"end":{"line":55,"column":13}},"type":"if","locations":[{"start":{"line":50,"column":12},"end":{"line":55,"column":13}},{"start":{},"end":{}}],"line":50},"3":{"loc":{"start":{"line":57,"column":12},"end":{"line":62,"column":13}},"type":"if","locations":[{"start":{"line":57,"column":12},"end":{"line":62,"column":13}},{"start":{},"end":{}}],"line":57},"4":{"loc":{"start":{"line":86,"column":8},"end":{"line":88,"column":9}},"type":"if","locations":[{"start":{"line":86,"column":8},"end":{"line":88,"column":9}},{"start":{},"end":{}}],"line":86},"5":{"loc":{"start":{"line":91,"column":8},"end":{"line":93,"column":9}},"type":"if","locations":[{"start":{"line":91,"column":8},"end":{"line":93,"column":9}},{"start":{},"end":{}}],"line":91},"6":{"loc":{"start":{"line":120,"column":12},"end":{"line":124,"column":13}},"type":"if","locations":[{"start":{"line":120,"column":12},"end":{"line":124,"column":13}},{"start":{"line":122,"column":19},"end":{"line":124,"column":13}}],"line":120}},"s":{"0":1,"1":0,"2":0,"3":0,"4":0,"5":0,"6":0,"7":0,"8":1,"9":0,"10":0,"11":0,"12":0,"13":0,"14":0,"15":0,"16":0,"17":0,"18":0,"19":0,"20":0,"21":0,"22":0,"23":0,"24":0,"25":0,"26":0,"27":0,"28":0,"29":0,"30":0,"31":1,"32":0,"33":0,"34":0,"35":0,"36":0,"37":0,"38":0,"39":0,"40":0,"41":0,"42":0,"43":0,"44":0,"45":0,"46":0,"47":0,"48":0,"49":0,"50":0,"51":1,"52":0,"53":0,"54":0,"55":0,"56":1,"57":0,"58":0,"59":0,"60":0,"61":0,"62":1,"63":0,"64":0,"65":0,"66":0,"67":0,"68":1,"69":0,"70":0,"71":0,"72":0,"73":0,"74":0,"75":1,"76":0,"77":0,"78":0,"79":0,"80":0},"f":{"0":0,"1":0,"2":0,"3":0,"4":0,"5":0,"6":0,"7":0,"8":0},"b":{"0":[0,0],"1":[0,0],"2":[0,0],"3":[0,0],"4":[0,0],"5":[0,0],"6":[0,0]},"_coverageSchema":"1a1c01bbd47fc00a2c39e90264f33305004495a9","hash":"f094c8808001d23e89e85c4176b3f1ce63d17f07"}
,"C:\\Users\\Dell\\Desktop\\Unicode Backend Node Task 0\\db\\connect-db.js": {"path":"C:\\Users\\Dell\\Desktop\\Unicode Backend Node Task 0\\db\\connect-db.js","statementMap":{"0":{"start":{"line":4,"column":0},"end":{"line":4,"column":15}},"1":{"start":{"line":6,"column":18},"end":{"line":27,"column":1}},"2":{"start":{"line":7,"column":4},"end":{"line":25,"column":5}},"3":{"start":{"line":9,"column":22},"end":{"line":9,"column":45}},"4":{"start":{"line":10,"column":8},"end":{"line":10,"column":31}},"5":{"start":{"line":12,"column":19},"end":{"line":12,"column":38}},"6":{"start":{"line":15,"column":8},"end":{"line":17,"column":10}},"7":{"start":{"line":16,"column":12},"end":{"line":16,"column":29}},"8":{"start":{"line":19,"column":8},"end":{"line":21,"column":10}},"9":{"start":{"line":20,"column":12},"end":{"line":20,"column":59}},"10":{"start":{"line":24,"column":8},"end":{"line":24,"column":58}}},"fnMap":{"0":{"name":"(anonymous_0)","decl":{"start":{"line":6,"column":18},"end":{"line":6,"column":19}},"loc":{"start":{"line":6,"column":29},"end":{"line":27,"column":1}},"line":6},"1":{"name":"(anonymous_1)","decl":{"start":{"line":15,"column":23},"end":{"line":15,"column":24}},"loc":{"start":{"line":15,"column":32},"end":{"line":17,"column":9}},"line":15},"2":{"name":"(anonymous_2)","decl":{"start":{"line":19,"column":24},"end":{"line":19,"column":25}},"loc":{"start":{"line":19,"column":30},"end":{"line":21,"column":9}},"line":19}},"branchMap":{},"s":{"0":1,"1":1,"2":1,"3":1,"4":1,"5":1,"6":1,"7":0,"8":1,"9":0,"10":0},"f":{"0":1,"1":0,"2":0},"b":{},"_coverageSchema":"1a1c01bbd47fc00a2c39e90264f33305004495a9","hash":"6e7da627c76d7a0962a1a765658e712071010318"}
,"C:\\Users\\Dell\\Desktop\\Unicode Backend Node Task 0\\middlewares\\authRecruiter.js": {"path":"C:\\Users\\Dell\\Desktop\\Unicode Backend Node Task 0\\middlewares\\authRecruiter.js","statementMap":{"0":{"start":{"line":3,"column":22},"end":{"line":23,"column":1}},"1":{"start":{"line":4,"column":4},"end":{"line":22,"column":5}},"2":{"start":{"line":5,"column":27},"end":{"line":5,"column":52}},"3":{"start":{"line":7,"column":8},"end":{"line":9,"column":9}},"4":{"start":{"line":8,"column":12},"end":{"line":8,"column":67}},"5":{"start":{"line":11,"column":22},"end":{"line":11,"column":46}},"6":{"start":{"line":12,"column":8},"end":{"line":12,"column":27}},"7":{"start":{"line":13,"column":23},"end":{"line":13,"column":64}},"8":{"start":{"line":15,"column":8},"end":{"line":15,"column":30}},"9":{"start":{"line":17,"column":8},"end":{"line":17,"column":48}},"10":{"start":{"line":19,"column":8},"end":{"line":19,"column":14}},"11":{"start":{"line":21,"column":8},"end":{"line":21,"column":91}}},"fnMap":{"0":{"name":"(anonymous_0)","decl":{"start":{"line":3,"column":22},"end":{"line":3,"column":23}},"loc":{"start":{"line":3,"column":45},"end":{"line":23,"column":1}},"line":3}},"branchMap":{"0":{"loc":{"start":{"line":7,"column":8},"end":{"line":9,"column":9}},"type":"if","locations":[{"start":{"line":7,"column":8},"end":{"line":9,"column":9}},{"start":{},"end":{}}],"line":7},"1":{"loc":{"start":{"line":7,"column":11},"end":{"line":7,"column":58}},"type":"binary-expr","locations":[{"start":{"line":7,"column":11},"end":{"line":7,"column":22}},{"start":{"line":7,"column":26},"end":{"line":7,"column":58}}],"line":7}},"s":{"0":1,"1":0,"2":0,"3":0,"4":0,"5":0,"6":0,"7":0,"8":0,"9":0,"10":0,"11":0},"f":{"0":0},"b":{"0":[0,0],"1":[0,0]},"_coverageSchema":"1a1c01bbd47fc00a2c39e90264f33305004495a9","hash":"04f6fd2f43943ab36aa70085a54985d2a227f0df"}
,"C:\\Users\\Dell\\Desktop\\Unicode Backend Node Task 0\\middlewares\\authenticate-route.js": {"path":"C:\\Users\\Dell\\Desktop\\Unicode Backend Node Task 0\\middlewares\\authenticate-route.js","statementMap":{"0":{"start":{"line":4,"column":17},"end":{"line":17,"column":1}},"1":{"start":{"line":5,"column":4},"end":{"line":16,"column":5}},"2":{"start":{"line":6,"column":22},"end":{"line":6,"column":61}},"3":{"start":{"line":7,"column":8},"end":{"line":7,"column":27}},"4":{"start":{"line":8,"column":23},"end":{"line":8,"column":64}},"5":{"start":{"line":9,"column":8},"end":{"line":9,"column":43}},"6":{"start":{"line":10,"column":8},"end":{"line":10,"column":25}},"7":{"start":{"line":11,"column":8},"end":{"line":11,"column":14}},"8":{"start":{"line":13,"column":8},"end":{"line":15,"column":10}},"9":{"start":{"line":19,"column":22},"end":{"line":37,"column":1}},"10":{"start":{"line":20,"column":4},"end":{"line":36,"column":5}},"11":{"start":{"line":21,"column":22},"end":{"line":21,"column":61}},"12":{"start":{"line":23,"column":23},"end":{"line":23,"column":64}},"13":{"start":{"line":25,"column":8},"end":{"line":25,"column":48}},"14":{"start":{"line":26,"column":26},"end":{"line":26,"column":100}},"15":{"start":{"line":28,"column":8},"end":{"line":30,"column":9}},"16":{"start":{"line":29,"column":12},"end":{"line":29,"column":99}},"17":{"start":{"line":31,"column":8},"end":{"line":31,"column":49}},"18":{"start":{"line":32,"column":8},"end":{"line":32,"column":33}},"19":{"start":{"line":33,"column":8},"end":{"line":33,"column":14}},"20":{"start":{"line":35,"column":8},"end":{"line":35,"column":91}},"21":{"start":{"line":39,"column":34},"end":{"line":52,"column":1}},"22":{"start":{"line":40,"column":4},"end":{"line":51,"column":5}},"23":{"start":{"line":41,"column":35},"end":{"line":41,"column":47}},"24":{"start":{"line":42,"column":30},"end":{"line":42,"column":50}},"25":{"start":{"line":44,"column":8},"end":{"line":46,"column":9}},"26":{"start":{"line":45,"column":12},"end":{"line":45,"column":87}},"27":{"start":{"line":47,"column":8},"end":{"line":47,"column":14}},"28":{"start":{"line":50,"column":8},"end":{"line":50,"column":70}},"29":{"start":{"line":54,"column":32},"end":{"line":66,"column":1}},"30":{"start":{"line":55,"column":4},"end":{"line":65,"column":5}},"31":{"start":{"line":56,"column":50},"end":{"line":56,"column":58}},"32":{"start":{"line":58,"column":8},"end":{"line":60,"column":9}},"33":{"start":{"line":59,"column":12},"end":{"line":59,"column":85}},"34":{"start":{"line":62,"column":8},"end":{"line":62,"column":14}},"35":{"start":{"line":64,"column":8},"end":{"line":64,"column":89}}},"fnMap":{"0":{"name":"(anonymous_0)","decl":{"start":{"line":4,"column":17},"end":{"line":4,"column":18}},"loc":{"start":{"line":4,"column":41},"end":{"line":17,"column":1}},"line":4},"1":{"name":"(anonymous_1)","decl":{"start":{"line":19,"column":22},"end":{"line":19,"column":23}},"loc":{"start":{"line":19,"column":45},"end":{"line":37,"column":1}},"line":19},"2":{"name":"(anonymous_2)","decl":{"start":{"line":39,"column":34},"end":{"line":39,"column":35}},"loc":{"start":{"line":39,"column":57},"end":{"line":52,"column":1}},"line":39},"3":{"name":"(anonymous_3)","decl":{"start":{"line":54,"column":32},"end":{"line":54,"column":33}},"loc":{"start":{"line":54,"column":55},"end":{"line":66,"column":1}},"line":54}},"branchMap":{"0":{"loc":{"start":{"line":28,"column":8},"end":{"line":30,"column":9}},"type":"if","locations":[{"start":{"line":28,"column":8},"end":{"line":30,"column":9}},{"start":{},"end":{}}],"line":28},"1":{"loc":{"start":{"line":44,"column":8},"end":{"line":46,"column":9}},"type":"if","locations":[{"start":{"line":44,"column":8},"end":{"line":46,"column":9}},{"start":{},"end":{}}],"line":44},"2":{"loc":{"start":{"line":58,"column":8},"end":{"line":60,"column":9}},"type":"if","locations":[{"start":{"line":58,"column":8},"end":{"line":60,"column":9}},{"start":{},"end":{}}],"line":58}},"s":{"0":1,"1":0,"2":0,"3":0,"4":0,"5":0,"6":0,"7":0,"8":0,"9":1,"10":0,"11":0,"12":0,"13":0,"14":0,"15":0,"16":0,"17":0,"18":0,"19":0,"20":0,"21":1,"22":0,"23":0,"24":0,"25":0,"26":0,"27":0,"28":0,"29":1,"30":0,"31":0,"32":0,"33":0,"34":0,"35":0},"f":{"0":0,"1":0,"2":0,"3":0},"b":{"0":[0,0],"1":[0,0],"2":[0,0]},"_coverageSchema":"1a1c01bbd47fc00a2c39e90264f33305004495a9","hash":"23684672e6fdae26d8f85195fcd05be0e0edd3d3"}
,"C:\\Users\\Dell\\Desktop\\Unicode Backend Node Task 0\\middlewares\\multer.js": {"path":"C:\\Users\\Dell\\Desktop\\Unicode Backend Node Task 0\\middlewares\\multer.js","statementMap":{"0":{"start":{"line":5,"column":16},"end":{"line":10,"column":2}},"1":{"start":{"line":8,"column":8},"end":{"line":8,"column":85}},"2":{"start":{"line":12,"column":15},"end":{"line":25,"column":2}},"3":{"start":{"line":15,"column":8},"end":{"line":20,"column":9}},"4":{"start":{"line":16,"column":12},"end":{"line":16,"column":25}},"5":{"start":{"line":18,"column":12},"end":{"line":18,"column":60}},"6":{"start":{"line":19,"column":12},"end":{"line":19,"column":26}}},"fnMap":{"0":{"name":"(anonymous_0)","decl":{"start":{"line":7,"column":14},"end":{"line":7,"column":15}},"loc":{"start":{"line":7,"column":37},"end":{"line":9,"column":5}},"line":7},"1":{"name":"(anonymous_1)","decl":{"start":{"line":14,"column":16},"end":{"line":14,"column":17}},"loc":{"start":{"line":14,"column":39},"end":{"line":21,"column":5}},"line":14}},"branchMap":{"0":{"loc":{"start":{"line":15,"column":8},"end":{"line":20,"column":9}},"type":"if","locations":[{"start":{"line":15,"column":8},"end":{"line":20,"column":9}},{"start":{"line":17,"column":14},"end":{"line":20,"column":9}}],"line":15},"1":{"loc":{"start":{"line":15,"column":11},"end":{"line":15,"column":110}},"type":"binary-expr","locations":[{"start":{"line":15,"column":11},"end":{"line":15,"column":39}},{"start":{"line":15,"column":43},"end":{"line":15,"column":72}},{"start":{"line":15,"column":76},"end":{"line":15,"column":110}}],"line":15}},"s":{"0":1,"1":0,"2":1,"3":0,"4":0,"5":0,"6":0},"f":{"0":0,"1":0},"b":{"0":[0,0],"1":[0,0,0]},"_coverageSchema":"1a1c01bbd47fc00a2c39e90264f33305004495a9","hash":"309815bd757fd9feffdd4796361bdb55e9512521"}
,"C:\\Users\\Dell\\Desktop\\Unicode Backend Node Task 0\\models\\application-model.js": {"path":"C:\\Users\\Dell\\Desktop\\Unicode Backend Node Task 0\\models\\application-model.js","statementMap":{"0":{"start":{"line":3,"column":15},"end":{"line":3,"column":30}},"1":{"start":{"line":5,"column":26},"end":{"line":20,"column":22}},"2":{"start":{"line":22,"column":20},"end":{"line":22,"column":68}}},"fnMap":{},"branchMap":{},"s":{"0":1,"1":1,"2":1},"f":{},"b":{},"_coverageSchema":"1a1c01bbd47fc00a2c39e90264f33305004495a9","hash":"24a16c151addb913330e1a0180bdf471c6db23ca"}
,"C:\\Users\\Dell\\Desktop\\Unicode Backend Node Task 0\\models\\blog-model.js": {"path":"C:\\Users\\Dell\\Desktop\\Unicode Backend Node Task 0\\models\\blog-model.js","statementMap":{"0":{"start":{"line":2,"column":15},"end":{"line":2,"column":30}},"1":{"start":{"line":4,"column":19},"end":{"line":26,"column":2}},"2":{"start":{"line":28,"column":13},"end":{"line":28,"column":47}}},"fnMap":{},"branchMap":{},"s":{"0":1,"1":1,"2":1},"f":{},"b":{},"_coverageSchema":"1a1c01bbd47fc00a2c39e90264f33305004495a9","hash":"969a36a22f72633a39f7cdf4f528efa0f354f01c"}
,"C:\\Users\\Dell\\Desktop\\Unicode Backend Node Task 0\\models\\company-model.js": {"path":"C:\\Users\\Dell\\Desktop\\Unicode Backend Node Task 0\\models\\company-model.js","statementMap":{"0":{"start":{"line":2,"column":15},"end":{"line":2,"column":30}},"1":{"start":{"line":4,"column":22},"end":{"line":32,"column":22}},"2":{"start":{"line":34,"column":16},"end":{"line":34,"column":55}}},"fnMap":{},"branchMap":{},"s":{"0":1,"1":1,"2":1},"f":{},"b":{},"_coverageSchema":"1a1c01bbd47fc00a2c39e90264f33305004495a9","hash":"dcdca408e385ee5ac02e91367039c70c3d90798a"}
,"C:\\Users\\Dell\\Desktop\\Unicode Backend Node Task 0\\models\\follow-model.js": {"path":"C:\\Users\\Dell\\Desktop\\Unicode Backend Node Task 0\\models\\follow-model.js","statementMap":{"0":{"start":{"line":3,"column":15},"end":{"line":3,"column":30}},"1":{"start":{"line":5,"column":21},"end":{"line":21,"column":2}},"2":{"start":{"line":23,"column":15},"end":{"line":23,"column":53}}},"fnMap":{},"branchMap":{},"s":{"0":1,"1":1,"2":1},"f":{},"b":{},"_coverageSchema":"1a1c01bbd47fc00a2c39e90264f33305004495a9","hash":"d8d896edb568b621bb8b335870a32312a4c0c3e1"}
,"C:\\Users\\Dell\\Desktop\\Unicode Backend Node Task 0\\models\\job-model.js": {"path":"C:\\Users\\Dell\\Desktop\\Unicode Backend Node Task 0\\models\\job-model.js","statementMap":{"0":{"start":{"line":3,"column":15},"end":{"line":3,"column":30}},"1":{"start":{"line":5,"column":18},"end":{"line":32,"column":22}},"2":{"start":{"line":34,"column":12},"end":{"line":34,"column":44}}},"fnMap":{},"branchMap":{},"s":{"0":1,"1":1,"2":1},"f":{},"b":{},"_coverageSchema":"1a1c01bbd47fc00a2c39e90264f33305004495a9","hash":"4c9ea96c74e02b77f917cc2023e979b6b0192caf"}
,"C:\\Users\\Dell\\Desktop\\Unicode Backend Node Task 0\\models\\recruiter-model.js": {"path":"C:\\Users\\Dell\\Desktop\\Unicode Backend Node Task 0\\models\\recruiter-model.js","statementMap":{"0":{"start":{"line":2,"column":15},"end":{"line":2,"column":30}},"1":{"start":{"line":4,"column":24},"end":{"line":36,"column":22}},"2":{"start":{"line":38,"column":18},"end":{"line":38,"column":61}}},"fnMap":{},"branchMap":{},"s":{"0":1,"1":1,"2":1},"f":{},"b":{},"_coverageSchema":"1a1c01bbd47fc00a2c39e90264f33305004495a9","hash":"8c6ab54c3f668a5c73eb940da706e78ecf24978c"}
,"C:\\Users\\Dell\\Desktop\\Unicode Backend Node Task 0\\models\\user-model.js": {"path":"C:\\Users\\Dell\\Desktop\\Unicode Backend Node Task 0\\models\\user-model.js","statementMap":{"0":{"start":{"line":3,"column":26},"end":{"line":3,"column":41}},"1":{"start":{"line":5,"column":19},"end":{"line":45,"column":22}},"2":{"start":{"line":47,"column":13},"end":{"line":47,"column":46}}},"fnMap":{},"branchMap":{},"s":{"0":1,"1":1,"2":1},"f":{},"b":{},"_coverageSchema":"1a1c01bbd47fc00a2c39e90264f33305004495a9","hash":"0778bb9112087e03600a6bd909a779c5496a54af"}
,"C:\\Users\\Dell\\Desktop\\Unicode Backend Node Task 0\\routes\\application-route.js": {"path":"C:\\Users\\Dell\\Desktop\\Unicode Backend Node Task 0\\routes\\application-route.js","statementMap":{"0":{"start":{"line":2,"column":15},"end":{"line":2,"column":31}},"1":{"start":{"line":8,"column":0},"end":{"line":8,"column":90}}},"fnMap":{},"branchMap":{},"s":{"0":1,"1":1},"f":{},"b":{},"_coverageSchema":"1a1c01bbd47fc00a2c39e90264f33305004495a9","hash":"e10e357002382c00b035fc0355ddea110a6caa70"}
,"C:\\Users\\Dell\\Desktop\\Unicode Backend Node Task 0\\routes\\blog-route.js": {"path":"C:\\Users\\Dell\\Desktop\\Unicode Backend Node Task 0\\routes\\blog-route.js","statementMap":{"0":{"start":{"line":2,"column":15},"end":{"line":2,"column":31}},"1":{"start":{"line":7,"column":0},"end":{"line":7,"column":117}},"2":{"start":{"line":8,"column":0},"end":{"line":8,"column":106}},"3":{"start":{"line":9,"column":0},"end":{"line":9,"column":125}},"4":{"start":{"line":10,"column":0},"end":{"line":10,"column":129}}},"fnMap":{},"branchMap":{},"s":{"0":1,"1":1,"2":1,"3":1,"4":1},"f":{},"b":{},"_coverageSchema":"1a1c01bbd47fc00a2c39e90264f33305004495a9","hash":"29953740f4af93159fcaca8ed65fe4b11c74449c"}
,"C:\\Users\\Dell\\Desktop\\Unicode Backend Node Task 0\\routes\\company-route.js": {"path":"C:\\Users\\Dell\\Desktop\\Unicode Backend Node Task 0\\routes\\company-route.js","statementMap":{"0":{"start":{"line":2,"column":15},"end":{"line":2,"column":31}},"1":{"start":{"line":7,"column":0},"end":{"line":7,"column":45}},"2":{"start":{"line":8,"column":0},"end":{"line":8,"column":51}}},"fnMap":{},"branchMap":{},"s":{"0":1,"1":1,"2":1},"f":{},"b":{},"_coverageSchema":"1a1c01bbd47fc00a2c39e90264f33305004495a9","hash":"27144ef14472de2aca3acadea468bb862469029a"}
,"C:\\Users\\Dell\\Desktop\\Unicode Backend Node Task 0\\routes\\follow-route.js": {"path":"C:\\Users\\Dell\\Desktop\\Unicode Backend Node Task 0\\routes\\follow-route.js","statementMap":{"0":{"start":{"line":2,"column":15},"end":{"line":2,"column":31}},"1":{"start":{"line":7,"column":0},"end":{"line":7,"column":117}},"2":{"start":{"line":8,"column":0},"end":{"line":8,"column":121}},"3":{"start":{"line":9,"column":0},"end":{"line":9,"column":90}}},"fnMap":{},"branchMap":{},"s":{"0":1,"1":1,"2":1,"3":1},"f":{},"b":{},"_coverageSchema":"1a1c01bbd47fc00a2c39e90264f33305004495a9","hash":"5b66f79007d74a264364079764eede832115daad"}
,"C:\\Users\\Dell\\Desktop\\Unicode Backend Node Task 0\\routes\\job-route.js": {"path":"C:\\Users\\Dell\\Desktop\\Unicode Backend Node Task 0\\routes\\job-route.js","statementMap":{"0":{"start":{"line":2,"column":15},"end":{"line":2,"column":31}},"1":{"start":{"line":7,"column":0},"end":{"line":7,"column":73}}},"fnMap":{},"branchMap":{},"s":{"0":1,"1":1},"f":{},"b":{},"_coverageSchema":"1a1c01bbd47fc00a2c39e90264f33305004495a9","hash":"1806f95560b0cb97bfc7e8d0349cb3a9d9730d01"}
,"C:\\Users\\Dell\\Desktop\\Unicode Backend Node Task 0\\routes\\recruiter-route.js": {"path":"C:\\Users\\Dell\\Desktop\\Unicode Backend Node Task 0\\routes\\recruiter-route.js","statementMap":{"0":{"start":{"line":2,"column":15},"end":{"line":2,"column":31}},"1":{"start":{"line":8,"column":0},"end":{"line":8,"column":47}},"2":{"start":{"line":9,"column":0},"end":{"line":9,"column":53}},"3":{"start":{"line":10,"column":0},"end":{"line":10,"column":113}}},"fnMap":{},"branchMap":{},"s":{"0":1,"1":1,"2":1,"3":1},"f":{},"b":{},"_coverageSchema":"1a1c01bbd47fc00a2c39e90264f33305004495a9","hash":"d5f9c2337fd67b7d6fd7e90580d4cf74939f1ca6"}
,"C:\\Users\\Dell\\Desktop\\Unicode Backend Node Task 0\\routes\\user-route.js": {"path":"C:\\Users\\Dell\\Desktop\\Unicode Backend Node Task 0\\routes\\user-route.js","statementMap":{"0":{"start":{"line":2,"column":34},"end":{"line":2,"column":50}},"1":{"start":{"line":8,"column":0},"end":{"line":8,"column":77}},"2":{"start":{"line":9,"column":0},"end":{"line":9,"column":101}},"3":{"start":{"line":10,"column":0},"end":{"line":10,"column":42}},"4":{"start":{"line":12,"column":0},"end":{"line":12,"column":68}},"5":{"start":{"line":13,"column":0},"end":{"line":13,"column":69}},"6":{"start":{"line":14,"column":0},"end":{"line":14,"column":70}},"7":{"start":{"line":15,"column":0},"end":{"line":15,"column":72}},"8":{"start":{"line":16,"column":0},"end":{"line":16,"column":73}}},"fnMap":{},"branchMap":{},"s":{"0":1,"1":1,"2":1,"3":1,"4":1,"5":1,"6":1,"7":1,"8":1},"f":{},"b":{},"_coverageSchema":"1a1c01bbd47fc00a2c39e90264f33305004495a9","hash":"f5523dd7d7b236a6622aa7ee2fcaf502d4f059ed"}
,"C:\\Users\\Dell\\Desktop\\Unicode Backend Node Task 0\\utils\\cloudinary.js": {"path":"C:\\Users\\Dell\\Desktop\\Unicode Backend Node Task 0\\utils\\cloudinary.js","statementMap":{"0":{"start":{"line":4,"column":0},"end":{"line":8,"column":3}},"1":{"start":{"line":10,"column":27},"end":{"line":31,"column":1}},"2":{"start":{"line":11,"column":4},"end":{"line":30,"column":5}},"3":{"start":{"line":12,"column":8},"end":{"line":12,"column":38}},"4":{"start":{"line":12,"column":27},"end":{"line":12,"column":38}},"5":{"start":{"line":15,"column":25},"end":{"line":17,"column":10}},"6":{"start":{"line":19,"column":8},"end":{"line":19,"column":80}},"7":{"start":{"line":21,"column":8},"end":{"line":21,"column":36}},"8":{"start":{"line":23,"column":8},"end":{"line":23,"column":24}},"9":{"start":{"line":27,"column":8},"end":{"line":27,"column":36}},"10":{"start":{"line":28,"column":8},"end":{"line":28,"column":25}},"11":{"start":{"line":29,"column":8},"end":{"line":29,"column":20}}},"fnMap":{"0":{"name":"(anonymous_0)","decl":{"start":{"line":10,"column":27},"end":{"line":10,"column":28}},"loc":{"start":{"line":10,"column":52},"end":{"line":31,"column":1}},"line":10}},"branchMap":{"0":{"loc":{"start":{"line":12,"column":8},"end":{"line":12,"column":38}},"type":"if","locations":[{"start":{"line":12,"column":8},"end":{"line":12,"column":38}},{"start":{},"end":{}}],"line":12}},"s":{"0":1,"1":1,"2":0,"3":0,"4":0,"5":0,"6":0,"7":0,"8":0,"9":0,"10":0,"11":0},"f":{"0":0},"b":{"0":[0,0]},"_coverageSchema":"1a1c01bbd47fc00a2c39e90264f33305004495a9","hash":"656d1c0a0891180b40f549a7d4fe3be001eb563d"}
}
